[    0.0000] Linuversion 4.5.0-66-generic (buildd@lgw01-amd64-044) (gcc version 7.4.0 (Ubuntu 7.4.0-1buntu1~18.04.1)) #75buntu SMP Tue Oct 1 05:24:09 UTC 2019 (Ubuntu 4.15.0-66.75-generic 4.15.18)
[    0.000000] Command line: BOOTIMAG=/boot/vmlinuz-4.15.0-66-generic root=UUID=80e728c-c0e0-45d9-aba4-8e531d47f319 ro console=tty1 console=tty0
[    0.000000] KERNE spported cpus:
[    0.00000]  Intel GenuineIntel
[    0.000000]   AMD AuthenticAMD
[   0.000000]   Cntaur CentaurHauls
    0.000000] 86fpu: Suporting XSAVE feature 0x01: 'x87 floatig oint registers'
[   0.000000] x86/fpu: Supporting XSAVE feature 0x002: 'SSE registers'
[    0.000000] x86/fpu: Supporting XSAVE feature 0x004: 'AVX registers'
[    0.000000] x86/fpu: xstate_offset[2]:  576, xstate_sizes[2]:  256
[    0.000000] x86/fpu: Enabled xstate features 0x7, context size is 832 bytes, using 'standard' format.
[    0.000000] e820 BIOS-provided phyical RAM map:
[    0.000000] BIO-e820: [mem 0x000000000000000-x000000000009fbff] usable
[    0.000000] BIOS-e820: [mem 0x0000000009fc00-0x000000000009ffff] reserved
[    0.000000] BIOS-e820: [mem 0x000000000000000-0000000000fffff] reserved
[    000000] BS-e820[mem 0x00000000100000-0x00000003ffefff] usable
[    0.000000] BIOS-e820: [m 0x00000003ff0000-0x000000003fffffff] PI data
[    0.000000] BIOS-82: [mem 0x00000000fec00000-x0000000fe0fff] reserved
[    0.000000]BIOS-e820: [mem 0x000000fee00000-0x00000000fee00fff] reserved
[    0.000000] BIO-e820: [mem 0x00000000fffc0000-0x00000000fffffff] eserved
[    0.000000] NX (Execute Disable) protecttion: active
[    0.000000] SMBIOS 2.5 present.
[    0.000000] DMI: innotek GmbH VirtualBox/VirtualBox, BOS VirtualBox 12/01/2006
[    .000000] Hypervisor detected: KVM
[   0.000000] e82: las_pfn = 0x3fff0 max_arh_pfn = 0x400000000
[    0.000000] MTRR: Disabled
[    0.000000] x86/AT: MTRRs isabled, skipping PA iitialization t.
[    0.000000] CU MTRs all blank - virtlied system.
[    0.000000] x86/PAT: Configuration [0-7]: WB  WT  UC- UC  WB  WT  C- UC 
[    0.000000] oud MP MP-table at [mem0x009fff0-0x0009ffff]
[    0.000000] Scanning 1 areas for low memory corruption
[    0.000000] RAMDISK: [mem 0x35981000-0x36cb7ff]
[   0.000000] ACPI: Early table checksum verification disabled
[    0000000 API RSDP 0x00000000000E0000 000024 (v02 VBOX  )
[    0.000000] ACPI: XSDT 0x000000003FFF0030 00003C (v01 VBOX   VBOXXSDT 00000001 ASL  00000061)
[    0.000000] ACPI: FACP 0x000000003FFF00F0 0000F4 (v04 VBOX   VBOXFACP 00000001 ASL  00000061)
[    0.000000] ACPI: DSDT 0x000000003FFF0470 0021FF (v02 VBOX   VBOXBIOS 00000002 INTL 20100528)
[    0.000000] ACPI: FACS 0x000000003FFF0200 000040
[    0.00000] ACP: FACS 0x000000003FFF0200 000040
[    0.000000] ACPI: APIC 0x000000003FFF0240 00005C (v02 VBOX   VBOXAPIC 00000001 ASL  00000061)
[    0.000000] ACPI: SSDT 0x000000003FFF02A0 0001CC (v01 VBOX   VBOXCPUT 00000002 INTL 20100528)
[    0.000000] No NUMA configuration found
[    0.000000] Faking a node at [mem 0x0000000000000000-0x000000003ffeffff]
[    0.000000] NODE_DATA(0) allocated [mem 0x3ffc5000-0x3ffeffff]
[    0.000000] kvm-clock: cpu 0, msr 0:3ff44001, primary cpu clock
[    0.000000] kvm-clock: Using msrs 4b54d01 an 4b564d00
[    0.000000] kvm-clock: using sched offset of 7377815313cycles
[    0.000000 clockource: kvmclck: ask: 0xfffffffffffffff max_cycls: 0x1cd42e4dfb,max_idle_ns: 8190591483 s
[    0.000000 Zone ranges:
[    0.000000]   DMA     [mem x0000000000001000-0x0000000000ffffff]
[    0.000000]   DMA32    [mem 0x0000000001000000-0x000000003ffeffff]
[   0000000]   Normal   empty
[    0.000000]   Device   empt
    0.0000] Mvabble zone start for each noe[    0.000000] Eary memor node ranges
[    0.00000]   nde   : [mem 0x0000000000001000-0x000000000009efff]
[    0.000000]   node   0: [mem 0x0000000000100000-0x000000003ffeffff]
[    0.000000] Reserved but unavailable: 98 pages
[    0.000000] Initmem setup node 0 [mem 0x0000000000001000-0x000000003ffeffff]
[    0.000000] ACPI: PM-Timer IO Port: 0x4008[    0.000000]IOPIC[0]: apic_id, ersion 3, address 0xfec00000, GSI 0-23
[    0.000000] ACPI: INT_SRC_OVR (bus 0 bus_irq 0 global_irq 2 dfl dfl)
[    0.000000] ACPI: INT_SRC_OVR (bus 0 bus_irq 9 global_irq 9 low level)
[    0.00000] Using ACPI (MADT) for SMP configuration information
[    0.000000] smpboot: Allowing 2 CPUs, 0 hotplug CPUs
[    0.000000] PM: Registered nosave memory: [mem 0x00000000-0x00000fff]
[    0.00000] PM: Registeed osave memoy:[mem 00009000-0x0009ffff]
[    0.000000] PM: Regisred nosave memory: [mem 0x000a0000-0x000effff]
[    0.000000] PM: Registered nosave memory: [mem 0x000f0000-0x000fffff]
[    0.000000] e820: [mem 0x40000000-0xfebfffff] available for PCI devices
[    0.000000] Booting paravirtualized kernel on KVM
[    0.000000] clocksource: refined-jiffies: mask: 0xffffffff max_cycles: 0xffffffff, max_idle_ns: 7645519600211568 ns
[    0.000000] random: get_random_bytes called from start_kernel+0x99/0x4fd with crng_init=0
[    0.000000] setup_percpu: NR_CPUS:8192 nr_cpumask_bits:2 nr_cpu_ids:2 nr_node_ids:1
[    0.000000] percpu: Emeddded 46 pages/cpu s5152 r892d28672 u1048576
[    0.000000] PV qspinlock hash table entries: 256 (order: 0, 4096 bytes)
[    0.000000] Bil 1 zonelist, mobliy grouping on. Ttal pags: 257913
[    0.000000] Policy zone: DMA32
[    0.000000] Kernel command lie: BOOT_IMAGE=/boot/linuz-4.15.0-66-generic root=UUID=80e728dc-c0e0-45d9-aba4-8e531d47f319 ro console=tty1 console=ttyS0
[    0.00000] Memory: 982904K/1048120K available (12300K kernel code, 2481K rwdata,4260K rodata, 2436K init, 2388K bss, 65216K reserved, 0K cma-reserved)
[    0.000000] SLUB: HWalign=64, Order=0-3, MinObjects=0, CPUs=2, Nodes=1
[    0.000000] Kernel/User page tables isolation: enabled
[    0.000000] ftrace: allocating 39306 entries in 154 pages
[    0.0400] Hierarcical RCU implementation.
[    0.004000] 	RCU restricting CPUs from NR_CPUS=8192 to nr_cpu_ids=2.
[    0.004000] 	Tasks RCU enabled.
[    0.004000] RCU: Adjusting geometry for rcu_fanout_leaf=16, nr_cpu_ids=2
[    0.004000] NR_IRQS: 524544, nr_irqs: 440, prealocated irqs: 16
[    0.004000] Console: colour VGA+ 80x25
[    0.004000] console [tty1] enabled
[    0.004000] console [ttyS0] enabled
[    0.004000] ACPI: Core revision 20170831
[    0.004000] ACPI: 2 ACPI AML tables successfully acquired and loaded
[    0.004000] APIC: Switch to symmetric I/O mode setup
[    0.004000] x2apic enabled
[    0.004000] Switched APIC routing to physical x2apic.
[   0.05121] ..TIMER: vector=0x30 apic1=0 pin1=2 apic2=-1 pin2=-1
[    0.008006] tsc: Detected 1199.999 MHz processor
[    0.012012] Calibrating delay loop (skipped) preset value.. 2399.99 BogoMIPS (lpj=4799996)
[    0.016009] pid_max: default: 32768 minimum: 301
[    0.020043] Security Framework initialized
[    0.024008] Yama: becoming mindful.
[    0.028037] AppArmor: AppArmor initialized
[    0.033881] Dentry cache hash table entries: 131072 (order: 8, 1048576 bytes)
[    0.036128] Inode-cache hash table entries: 65536 (order: 7, 524288 bytes)
[    0.040034] Mount-cache hash table entries: 2048 (order: 2, 16384 bytes)
[    0.044018] Mountpoint-cache hash table entries: 2048 (order: 2, 16384 bytes)
[    0.048286] Last level iTLB entries: 4KB 64, 2MB 8, 4MB 8
[    0.050435] Last level dTLB entries: 4KB 64, 2MB 0, 4MB 0, 1GB 4
[    0.052008] Spectre V1 : Mitigation: usercopy/swapgs barriers and __user pointer sanitization
[    0.056009] Spectre V2 : Mitigation: Full generic retpoline
[    0.060007] Spectre V2 : Spectre v2 / SpectreRSB mitigation: Filling RSB on context switch
[    0.064007] Speculative Store Bypass: Vulnerable
[    0.068218] MDS: Vulnerable: Clear CPU buffers attempted, no microcode
[    0.072963] Freeing SMP alternatives memory: 36K
[    0.196109] smpboot: CPU0: Intel(R) Core(TM) m3-7Y32 CPU @ 1.10GHz (family: 0x6, model: 0x8e, stepping: 0x9)
[    0.200107] Performance Events: unsupported p6 CPU model 142 no PMU driver, software events only.
[    0.204088] Hierarchical SRCU implementation.
[    0.206226] NMI watchdog: Perf event create on CPU 0 failed with -2
[    0.208011] NMI watchdog: Perf NMI watchdog permanently disabled
[    0.212080] smp: Bringing up secondary CPUs ...
[    0.216244] x86: Booting SMP configuration:
[    0.220003] .... node  #0, CPUs:      #1
[    0.004000] kvm-clock: cpu 1, msr 0:3ff44041, secondary cpu clock
[    0.232026] smp: Brought up 1 node, 2 CPUs
[    0.236006] smpboot: Max logical packages: 1
[    0.240010] smpboot: Total of 2 processors activated (4799.99 BogoMIPS)
[    0.244147] devtmpfs: initialized
[    0.248051] x86/mm: Memory block size: 128MB
[    0.252266] evm: security.selinux
[    0.253815] evm: security.SMACK64
[    0.256009] evm: security.SMACK64EXEC
[    0.260003] evm: security.SMACK64TRANSMUTE
[    0.264010] evm: security.SMACK64MMAP
[    0.268005] evm: security.apparmor
[    0.269148] evm: security.ima
[    0.272004] evm: security.capability
[    0.276145] clocksource: jiffies: mask: 0xffffffff max_cycles: 0xffffffff, max_idle_ns: 7645041785100000 ns
[    0.280020] futex hash table entries: 512 (order: 3, 32768 bytes)
[    0.285833] pinctrl core: initialized pinctrl subsystem
[    0.288119] RTC time:  0:55:52, date: 11/03/19
[    0.290611] NET: Registered protocol family 16
[    0.292089] audit: initializing netlink subsys (disabled)
[    0.296086] audit: type=2000 audit(1572742555.159:1): state=initialized audit_enabled=0 res=1
[    0.316035] cpuidle: using governor ladder
[    0.320020] cpuidle: using governor menu
[    0.321994] ACPI: bus type PCI registered
[    0.324008] acpiphp: ACPI Hot Plug PCI Controller Driver version: 0.5
[    0.328143] PCI: Using configuration type 1 for base access
[    0.336021] HugeTLB registered 2.00 MiB page size, pre-allocated 0 pages
[    0.340130] ACPI: Added _OSI(Module Device)
[    0.344021] ACPI: Added _OSI(Processor Device)
[    0.348015] ACPI: Added _OSI(3.0 _SCP Extensions)
[    0.352010] ACPI: Added _OSI(Processor Aggregator Device)
[    0.356009] ACPI: Added _OSI(Linux-Dell-Video)
[    0.360011] ACPI: Added _OSI(Linux-Lenovo-NV-HDMI-Audio)
[    0.364011] ACPI: Added _OSI(Linux-HPI-Hybrid-Graphics)
[    0.366833] ACPI: Executed 1 blocks of module-level executable AML code
[    0.374206] ACPI: Interpreter enabled
[    0.376020] ACPI: (supports S0 S5)
[    0.377580] ACPI: Using IOAPIC for interrupt routing
[    0.380276] PCI: Using host bridge windows from ACPI; if necessary, use "pci=nocrs" and report a bug
[    0.384261] ACPI: Enabled 2 GPEs in block 00 to 07
[    0.398362] ACPI: PCI Root Bridge [PCI0] (domain 0000 [bus 00-ff])
[    0.400025] acpi PNP0A03:00: _OSC: OS supports [ASPM ClockPM Segments MSI]
[    0.404058] acpi PNP0A03:00: _OSC: not requesting OS control; OS requires [ExtendedConfig ASPM ClockPM MSI]
[    0.408025] acpi PNP0A03:00: fail to add MMCONFIG information, can't access extended PCI configuration space under this bridge.
[    0.412545] PCI host bridge to bus 0000:00
[    0.416005] pci_bus 0000:00: root bus resource [io  0x0000-0x0cf7 window]
[    0.420010] pci_bus 0000:00: root bus resource [io  0x0d00-0xffff window]
[    0.424014] pci_bus 0000:00: root bus resource [mem 0x000a0000-0x000bffff window]
[    0.428011] pci_bus 0000:00: root bus resource [mem 0x40000000-0xfdffffff window]
[    0.432010] pci_bus 0000:00: root bus resource [bus 00-ff]
[    0.441037] pci 0000:00:01.1: legacy IDE quirk: reg 0x10: [io  0x01f0-0x01f7]
[    0.444015] pci 0000:00:01.1: legacy IDE quirk: reg 0x14: [io  0x03f6]
[    0.448008] pci 0000:00:01.1: legacy IDE quirk: reg 0x18: [io  0x0170-0x0177]
[    0.452010] pci 0000:00:01.1: legacy IDE quirk: reg 0x1c: [io  0x0376]
[    0.480880] pci 0000:00:07.0: quirk: [io  0x4000-0x403f] claimed by PIIX4 ACPI
[    0.484037] pci 0000:00:07.0: quirk: [io  0x4100-0x410f] claimed by PIIX4 SMB
[    0.503431] ACPI: PCI Interrupt Link [LNKA] (IRQs 5 9 10 *11)
[    0.504429] ACPI: PCI Interrupt Link [LNKB] (IRQs 5 9 *10 11)
[    0.508209] ACPI: PCI Interrupt Link [LNKC] (IRQs 5 *9 10 11)
[    0.512192] ACPI: PCI Interrupt Link [LNKD] (IRQs 5 9 10 *11)
[    0.516706] SCSI subsystem initialized
[    0.520111] pci 0000:00:02.0: vgaarb: setting as boot VGA device
[    0.524000] pci 0000:00:02.0: vgaarb: VGA device added: decodes=io+mem,owns=io+mem,locks=none
[    0.524016] pci 0000:00:02.0: vgaarb: bridge control possible
[    0.528006] vgaarb: loaded
[    0.528989] ACPI: bus type USB registered
[    0.530533] usbcore: registered new interface driver usbfs
[    0.532039] usbcore: registered new interface driver hub
[    0.536049] usbcore: registered new device driver usb
[    0.540102] EDAC MC: Ver: 3.0.0
[    0.544384] PCI: Using ACPI for IRQ routing
[    0.548459] NetLabel: Initializing
[    0.550796] NetLabel:  domain hash size = 128
[    0.552004] NetLabel:  protocols = UNLABELED CIPSOv4 CALIPSO
[    0.553791] NetLabel:  unlabeled traffic allowed by default
[    0.556132] clocksource: Switched to clocksource kvm-clock
[    0.88085] VFS: Disk quotas dquot_6.6.0
[    0.673574] VFS: Dquot-cache hash table entries: 512 (order 0, 4096 bytes)
[    0.678524] AppArmor: AppArmor Filesystem Enabled
[   0.68172] pn: nPACI int
[   0.80991 pnp: nP ACPI: oud 3 dvis

[   1.106274 clocksource: acpi_pm: mask: 0xffffff max_cycles: 0xffff, max_idle_ns: 2085701024 ns
[    1.2190] ET: Registered protocol family 2

[    1.293951] TCP establishedhash table entries: 8192 (order: 4, 65536 bytes)

[    1.327731] TCP bnd hah tabe nties: 8192 (ordr: 5, 131072 bytes)
[    1.492012] TCP: Hash tables cnfigurd (estblshed 812 ind 892)
[   .679565] UDP hash table entries: 512 (order: 2, 16384 bytes)
[    1.731019] UDP-Lite hash table entries: 512 (order: 2, 16384 bytes)
[    1.73310] NET: Registered protocol family 1
[    1.771442] pci 0000:0:00.0: Limiting direct PCI/PCI transfrs

[    1.860130] pci 0000:00:01.0: Activating IS DMA hang workarounds

[    1.890311] pci 0000:00:02.0: Video device with shadowed ROM at [mem 0x000c0000-0x000dffff]
[    1.895859 Unpacking initramfs...

[    2.316127] Freeing initrd memory: 19676K
[    2.347878] clocksource: tsc: mask: 0xffffffffffffffff max_cycles: 0x114c1ac8d5f, max_idle_ns: 440795249997 ns
[    2.387756] platform rtc_cmos: registered platform RTC device (no PNP device found)
[    2.390642] Scanning for low memory corruption every 60 seconds
[    2.405873] Initialise system trusted keyrings
[    2.407715] Key type blacklist registered
[    2.409832] workingset: timestamp_bits=36 max_order=18 bucket_order=0
[    2.416680] zbud: loaded
[    2.419944] squashfs: version 4.0 (2009/01/31) Phillip Lougher
[    2.424146] fuse init (API version 7.26)
[    2.435432] Key type asymmetric registered
[    2.443686] Asymmetric key parser 'x509' registered
[    2.447514] Block layer SCSI generic (bsg) driver version 0.4 loaded (major 246)
[    2.457932] io scheduler noop registered
[    2.461622] io scheduler deadline registered
[    2.464899] io scheduler cfq registered (default)
[    2.481895] ACPI: AC Adapter [AC] (off-line)
[    2.485034] input: Power Button as /devices/LNXSYSTM:00/LNXPWRBN:00/input/input0
[    2.492307] ACPI: Power Button [PWRF]
[    2.497160] input: Sleep Button as /devices/LNXSYSTM:00/LNXSLPBN:00/input/input1
[    2.502639] ACPI: Sleep Button [SLPF]
[    2.504941] Serial: 8250/16550 driver, 32 ports, IRQ sharing enabled
[    2.506753] ACPI: Battery Slot [BAT0] (battery present)
[    2.538534] 00:02: ttyS0 at I/O 0x3f8 (irq = 4, base_baud = 115200) is a 16550A
[    2.552013] Linx agpgart interface v0.103

[    2.614894] loop: module loaded
[    2.62001] scs host0: ata_piix

[    2.675319] scsi host1: ata_pii
    2.1106 aa1: PATA ma UDMA/33 cmd 0x1f0 ctl 0x3f6 bmdma 0xd000 irq 14
[    2.855236] ata2: PATA max UDMA/33 cmd 0x170 ctl 0x376 bmdma 0xd008 irq 15

[    2.858226] libphy: Fixed MDIO Bus: probed
[    2.859886] tun: Universal TUN/TAP device driver, 1.6
[    2.862127] PPP generic driver version 2.4.2
[    2.863904] ehci_hcd: USB 2.0 'Enhanced' Host Controller (EHCI) Driver
[    2.866465] ehci-pci: EHCI PCI platform driver
[    2.868235] ehci-platform: EHCI generic platform driver
[    2.870348] ohci_hcd: USB 1.1 'Open' Host Controller (OHCI) Driver
[    2.872758] ohci-pci: OHCI PCI platform driver
[    2.874472] ohci-platform: OHCI generic platform driver
[  287489] uhci_hd:USB niersal ost onrole Iterfcedrver
[    3.369522] i8042: PNP:PS2 ontroller [PNP0303:PS2K,PNP0f03:PS2M] at 0x60,0x64 irq 1,12

[    3.480819] serio: i8042 KBD port at 0x60,0x64 irq 1
[    3.485810] serio: i8042 AUX port at 0x60,0x64 irq 12
[    3.487555] mousedev: PS/2 mouse device common for all mice
[    3.509610] rtc_cmos rtc_cmos: rtc core: registered rtc_cmos as rtc0
[    3.513179] rtc_cmos rtc_cmos: alarms up to one day, 114 bytes nvram
[    3.521935] i2c /dev entries driver
[    3.523303] input: AT Translated Set 2 keyboard as /devices/platform/i8042/serio0/input/input2
[    3.524120] device-mapper: uevent: version 1.0.3
[    3.563237] device-mapper: ioctl: 4.37.0-ioctl (2017-09-20) initialised: dm-devel@redhat.com
[    3.619566] ledtrig-cpu: registered to indicate activity on CPUs
[    3.632292] NET: Registered protocol family 10
[    3.672097] Segment Routing with IPv6
[    3.697026] NET: Registered protocol family 17
[    3.728874] Key type dns_resolver registered
[    3.752976] mce: Using 0 MCE banks
[    3.778886] RAS: Correctable Errors collector initialized.
[    3.829930] sched_clock: Marking stable (3829899817, 0)->(9764534935, -5934635118)
[    3.865965] registered taskstats version 1
[    3.893099] Loading compiled-in X.509 certificates
[    3.904314] Loaded X.509 cert 'Build time autogenerated kernel key: 01a66adcc10ca4ce7676a3458c33483b0e2b806e'
[    3.980212] zswap: loaded using pool lzo/zbud
[    3.993761] Key type big_key registered
[    3.995288] Key type trusted registered
[    3.999006] Key type encrypted registered
[    4.000654] AppArmor: AppArmor sha1 policy hashing enabled
[    4.002518] ima: No TPM chip found, activating TPM-bypass! (rc=-19)
[    4.004493] ima: Allocated hash algorithm: sha1
[    4.020225] evm: HMAC attrs: 0x1
[    4.024851]   Magic number: 11:143:910
[    4.028381] rtc_cmos rtc_cmos: setting system clock to 2019-11-03 00:55:56 UTC (1572742556)
[    4.035472] BIOS EDD facility v0.16 2004-Jun-25, 0 devices found
[    4.045563] EDD information not available.
[    4.060562] Freeing unused kernel image memory: 2436K
[    4.076129] Write protecting the kernel read-only data: 20480k
[    4.080370] Freeing unused kernel image memory: 2008K
[    4.084135] Freeing unused kernel image memory: 1884K
[    4.095916] x86/mm: Checked W+X mappings: passed, no W+X pages found.
[    4.156079] x86/mm: Checking user space page tables
[    4.184094] x86/mm: Checked W+X mappings: passed, no W+X pages found.
Loading, please wait...
starting version 237
[    4.351860] e1000: Intel(R) PRO/1000 Network Driver - version 7.3.21-k8-NAPI
[    4.354535] e1000: Copyright (c) 1999-2006 Intel Corporation.
[    4.375588] Fusion MPT base driver 3.04.20
[    4.377199] Copyright (c) 1999-2008 LSI Corporation
[    4.389836] AVX2 version of gcm_enc/dec engaged.
[    4.391329] AES CTR mode by8 optimization enabled
[    4.404939] Fusion MPT SPI Host driver 3.04.20
[    4.580189] input: ImExPS/2 Generic Explorer Mouse as /devices/platform/i8042/serio1/input/input4
[    4.825118] e1000 0000:00:03.0 eth0: (PCI:33MHz:32-bit) 02:1e:30:9c:a3:c0
[    4.867797] e1000 0000:00:03.0 eth0: Intel(R) PRO/1000 Network Connection
[    4.871203] mptbase: ioc0: Initiating bringup
[    5.012634] ioc0: LSI53C1030 A0: Capabilities={Initiator}
[    5.292303] scsi host2: ioc0: LSI53C1030 A0, FwRev=00000000h, Ports=1, MaxQ=256, IRQ=20
[    5.462547] scsi 2:0:0:0: Direct-Access     VBOX     HARDDISK         1.0  PQ: 0 ANSI: 5
[    5.728153] scsi target2:0:0: Beginning Domain Validation
[    5.732138] scsi target2:0:0: Domain Validation skipping write tests
[    5.734607] scsi target2:0:0: Ending Domain Validation
[    5.736747] scsi target2:0:0: asynchronous
[    5.738934] scsi 2:0:1:0: Direct-Access     VBOX     HARDDISK         1.0  PQ: 0 ANSI: 5
[    5.877723] scsi target2:0:1: Beginning Domain Validation
[    5.887221] random: fast init done
[    5.889507] scsi target2:0:1: Domain Validation skipping write tests
[    5.894321] scsi target2:0:1: Ending Domain Validation
[    5.895889] scsi target2:0:1: asynchronous
[    5.902305] random: systemd-udevd: uninitialized urandom read (16 bytes read)
[    5.904098] e1000 0000:00:08.0 eth1: (PCI:33MHz:32-bit) 08:00:27:ff:ce:20
[    5.905241] random: systemd-udevd: uninitialized urandom read (16 bytes read)
[    5.907081] e1000 0000:00:08.0 eth1: Intel(R) PRO/1000 Network Connection
[    5.909992] sd 2:0:0:0: Attached scsi generic sg0 type 0
[    5.923107] random: systemd-udevd: uninitialized urandom read (16 bytes read)
[    5.971424] sd 2:0:0:0: [sda] 20971520 512-byte logical blocks: (10.7 GB/10.0 GiB)
[    5.972996] e1000 0000:00:03.0 enp0s3: renamed from eth0
[    5.981517] sd 2:0:0:0: [sda] Write Protect is off
[    5.983468] sd 2:0:1:0: Attached scsi generic sg1 type 0
[    5.985836] sd 2:0:1:0: [sdb] 20480 512-byte logical blocks: (10.5 MB/10.0 MiB)
[    5.988633] sd 2:0:0:0: [sda] Incomplete mode parameter data
[    5.991609] sd 2:0:0:0: [sda] Assuming drive cache: write through
[    5.993365] sd 2:0:1:0: [sdb] Write Protect is off
[    5.995065] sd 2:0:1:0: [sdb] Incomplete mode parameter data
[    5.997480] sd 2:0:1:0: [sdb] Assuming drive cache: write through
[    6.022860] e1000 0000:00:08.0 enp0s8: renamed from eth1
[    6.034516]  sda: sda1
[    6.040943] sd 2:0:1:0: [sdb] Attached SCSI disk
[    6.043965] sd 2:0:0:0: [sda] Attached SCSI disk
Begin: Loading essential drivers ... [    7.632480] raid6: sse2x1   gen()  9016 MB/s
[    7.696008] raid6: sse2x1   xor()  7278 MB/s
[    7.780060] raid6: sse2x2   gen() 10625 MB/s
[    7.844367] raid6: sse2x2   xor()  6163 MB/s
[    7.892263] raid6: sse2x4   gen() 10232 MB/s
[    7.940029] raid6: sse2x4   xor()  7529 MB/s
[    8.036484] raid6: avx2x1   gen() 18211 MB/s
[    8.088350] raid6: avx2x1   xor() 13805 MB/s
[    8.157060] raid6: avx2x2   gen() 23036 MB/s
[    8.224548] raid6: avx2x2   xor() 14273 MB/s
[    8.284291] raid6: avx2x4   gen() 25895 MB/s
[    8.336214] raid6: avx2x4   xor() 16107 MB/s
[    8.345434] raid6: using algorithm avx2x4 gen() 25895 MB/s
[    8.376959] raid6: .... xor() 16107 MB/s, rmw enabled
[    8.402481] raid6: using avx2x2 recovery algorithm
[    8.449387] xor: automatically using best checksumming function   avx       
[    8.462640] async_tx: api initialized (async)
done.
Begin: Running /scripts/init-premount ... done.
Begin: Mounting root file system ... Begin: Running /scripts/local-top ... done.
Begin: Runni[    8.516931] Btrfs loaded, crc32c=crc32c-intel
ng /scripts/local-premount ... Scanning for Btrfs filesystems
done.
Warning: fsck not present, so skipping root file system
[    8.606588] EXT4-fs (sda1): mounted filesystem with ordered data mode. Opts: (null)
done.
Begin: Running /scripts/local-bottom ... done.
Begin: Running /scripts/init-bottom ... done.
[    9.352726] ip_tables: (C) 2000-2006 Netfilter Core Team
[    9.431431] systemd[1]: systemd 237 running in system mode. (+PAM +AUDIT +SELINUX +IMA +APPARMOR +SMACK +SYSVINIT +UTMP +LIBCRYPTSETUP +GCRYPT +GNUTLS +ACL +XZ +LZ4 +SECCOMP +BLKID +ELFUTILS +KMOD -IDN2 +IDN -PCRE2 default-hierarchy=hybrid)
[    9.631413] systemd[1]: Detected virtualization oracle.
[    9.659057] systemd[1]: Detected architecture x86-64.

Welcome to [1mUbuntu 18.04.2 LTS[0m!

[    9.681112] systemd[1]: Set hostname to <ubuntu-bionic>.
[   10.449592] random: crng init done
[   10.451504] random: 7 urandom warning(s) missed due to ratelimiting
[   10.653448] systemd[1]: Reached target Swap.
[[0;32m  OK  [0m] Reached target Swap.
[   10.748721] systemd[1]: Created slice System Slice.
[[0;32m  OK  [0m] Created slice System Slice.
[   10.822072] systemd[1]: Listening on Network Service Netlink Socket.
[[0;32m  OK  [0m] Listening on Network Service Netlink Socket.
[   10.827884] systemd[1]: Listening on udev Control Socket.
[[0;32m  OK  [0m] Listening on udev Control Socket.
[   10.833282] systemd[1]: Listening on Journal Audit Socket.
[[0;32m  OK  [0m] Listening on Journal Audit Socket.
[   10.843530] systemd[1]: Listening on LVM2 metadata daemon socket.
[[0;32m  OK  [0m] Listening on LVM2 metadata daemon socket.
[[0;32m  OK  [0m] Listening on LVM2 poll daemon socket.
[[0;32m  OK  [0m] Listening on Journal Socket (/dev/log).
[[0;32m  OK  [0m] Reached target System Time Synchronized.
[[0;32m  OK  [0m] Listening on /dev/initctl Compatibility Named Pipe.
[[0;32m  OK  [0m] Listening on Syslog Socket.
[[0;32m  OK  [0m] Listening on Device-mapper event daemon FIFOs.
[[0;32m  OK  [0m] Reached target User and Group Name Lookups.
[[0;32m  OK  [0m] Listening on Journal Socket.
         Mounting Huge Pages File System...
         Starting Load Kernel Modules...
         Starting Uncomplicated firewall...
         Starting Monitor[   10.952631] Loading iSCSI transport class v2.0-870.
ing of LVM2 mirrors…ng dmeventd or progress po[   10.972502] iscsi: registered transport (tcp)
lling...
         Mounting POSIX Message Queue File System...
         Starting Journal Service...
         Starting Create list of required st…ce nodes for the current kernel...
         Starting Remount Root and Kernel File Systems...
         Mounting Kernel Debug F[   11.113863] iscsi: registered transport (iser)
ile System...
         Starting Set the console keyboard layout...
[[0;32m  OK  [0m] Created slice User and Session Slice.
[[0;32m  OK  [0m] Reached target Slices.
[[0;32m  OK  [0m] Started Forw[   11.202009] EXT4-fs (sda1): re-mounted. Opts: (null)
ard Password Requests to Wall Directory Watch.
[[0;32m  OK  [0m] Listening on udev Kernel Socket.
         Starting udev Coldplug all Devices...
[[0;32m  OK  [0m] Created slice system-serial\x2dgetty.slice.
[[0;32m  OK  [0m] Set up automount Arbitrary Executab…rmats File System Automount Point.
[[0;32m  OK  [0m] Started Journal Service.
[[0;32m  OK  [0m] Mounted Huge Pages File System.
[[0;32m  OK  [0m] Started Load Kernel Modules.
[[0;32m  OK  [0m] Started Uncomplicated firewall.
[[0;32m  OK  [0m] Mounted POSIX Message Queue File System.
[[0;32m  OK  [0m] Started Create list of required sta…vice nodes for the current kernel.
[[0;32m  OK  [0m] Started Remount Root and Kernel File Systems.
[[0;32m  OK  [0m] Mounted Kernel Debug File System.
[[0;32m  OK  [0m] Started Set the console keyboard layout.
[[0;32m  OK  [0m] Started LVM2 metadata daemon.
         Starting Initial cloud-init job (pre-networking)...
         Starting Load/Save Random Seed...
         Starting Create Static Device Nodes in /dev...
         Mounting Kernel Configuration File System...
         Starting Apply Kernel Variables...
         Mounting FUSE Control File System...
         Starting Flush Journal to Persistent Storage...
[[0;32m  OK  [0m] Started Monitoring of LVM2 mirrors,…sing dmeventd or progress polling.
[[0;32m  OK  [0m] Started udev Coldplug all Devices.
[[0;32m  OK  [0m] Started Load/Save Random Seed.
[[0;32m  OK  [0m] Started Create Static Device Nodes in /dev.
[[0;32m  OK  [0m] Mounted Kernel Configuration File System.
[[0;32m  OK  [0m] Mounted FUSE Control File System.
         Starting udev Kernel Device Manager...
[[0;32m  OK  [0m] Reached target Local File Systems (Pre).
[[0;32m  OK  [0m] Reached target Local File Systems.
         Starting ebtables ruleset management...
         Starting AppArmor initialization...
         Starting Tell Plymouth To Write Out Runtime Data...
         Starting Set console font and keymap...
[[0;32m  OK  [0m] Started Apply Kernel Variables.
[[0;32m  OK  [0m] Started Tell Plymouth To Write Out Runtime Data.
[[0;32m  OK  [0m] Started Set console font and keymap.
[[0;32m  OK  [0m] Started udev Kernel Device Manager.
[[0;32m  OK  [0m] Started Dispatch Password Requests to Console Directory Watch.
[[0;32m  OK  [0m] Reached target Local Encrypted Volumes.
[[0;32m  OK  [0m] Started ebtables ruleset management.
[[0;32m  OK  [0m] Found device /dev/ttyS0.
[[0;32m  OK  [0m] Listening on Load/Save RF Kill Switch Status /dev/rfkill Watch.
[[0;32m  OK  [0m] Started Flush Journal to Persistent Storage.
         Starting Create Volatile Files and Directories...
[[0;32m  OK  [0m] Started Create Volatile Files and Directories.
         Starting Update UTMP about System Boot/Shutdown...
[[0;32m  OK  [0m] Started Update UTMP about System Boot/Shutdown.
[[0;32m  OK  [0m] Started AppArmor initialization.
[   16.014039] cloud-init[422]: Cloud-init v. 18.5-45-g3554ffe8-0ubuntu1~18.04.1 running 'init-local' at Sun, 03 Nov 2019 00:56:08 +0000. Up 15.72 seconds.
[[0;32m  OK  [0m] Started Initial cloud-init job (pre-networking).
[[0;32m  OK  [0m] Reached target Network (Pre).
         Starting Network Service...
[[0;32m  OK  [0m] Started Network Service.
         Starting Network Name Resolution...
         Starting Wait for Network to be Configured...
[[0;32m  OK  [0m] Started Network Name Resolution.
[[0;32m  OK  [0m] Reached target Host and Network Name Lookups.
[[0;32m  OK  [0m] Reached target Network.
[[0;32m  OK  [0m] Started Wait for Network to be Configured.
         Starting Initial cloud-init job (metadata service crawler)...
[   19.335704] cloud-init[719]: Cloud-init v. 18.5-45-g3554ffe8-0ubuntu1~18.04.1 running 'init' at Sun, 03 Nov 2019 00:56:11 +0000. Up 19.09 seconds.
[   19.356655] cloud-init[719]: ci-info: ++++++++++++++++++++++++++++++++++++++Net device info+++++++++++++++++++++++++++++++++++++++
[   19.370074] cloud-init[719]: ci-info: +--------+------+-----------------------------+---------------+--------+-------------------+
[   19.392353] cloud-init[719]: ci-info: | Device |  Up  |           Address           |      Mask     | Scope  |     Hw-Address    |
[   19.424873] cloud-init[719]: ci-info: +--------+------+-----------------------------+---------------+--------+-------------------+
[   19.461353] cloud-init[719]: ci-info: | enp0s3 | True |          10.0.2.15          | 255.255.255.0 | global | 02:1e:30:9c:a3:c0 |
[   19.466139] cloud-init[719]: ci-info: | enp0s3 | True |  fe80::1e:30ff:fe9c:a3c0/64 |       .       |  link  | 02:1e:30:9c:a3:c0 |
[   19.495351] cloud-init[719]: ci-info: | enp0s8 | True |        192.168.33.10        | 255.255.255.0 | global | 08:00:27:ff:ce:20 |
[   19.527508] cloud-init[719]: ci-info: | enp0s8 | True | fe80::a00:27ff:feff:ce20/64 |       .       |  link  | 08:00:27:ff:ce:20 |
[   19.561702] cloud-init[719]: ci-info: |   lo   | True |          127.0.0.1          |   255.0.0.0   |  host  |         .         |
[   19.606726] cloud-init[719]: ci-info: |   lo   | True |           ::1/128           |       .       |  host  |         .         |
[   19.668340] cloud-init[719]: ci-info: +--------+------+-----------------------------+---------------+--------+-------------------+
[[0;32m  OK  [0m] Started Initial cloud-init job (metadata service crawler).
[[0;32m  OK  [0m] Reached target Cloud-config availability.
[[0;32m  OK  [0m] Reached target System Initialization.
[[0;32m  OK  [0m] Listening on UUID daemon activation socket.
[[0;32m  OK  [0m] Listening on ACPID Listen Socket.
[   19.692857] cloud-init[719]: ci-info: +++++++++++++++++++++++++++++Route IPv4 info+++++++++++++++++++++++++++++
         Starting LXD - unix socket.
[   19.773911] cloud-init[719]: ci-info: +-------+--------------+----------+-----------------+-----------+-------+
[[0;32m  OK  [0m] Started Daily apt download activities.
[[   19.807706] cloud-init[719]: ci-info: | Route | Destination  | Gateway  |     Genmask     | Interface | Flags |
[   19.824457] cloud-init[719]: ci-info: +-------+--------------+----------+-----------------+-----------+-------+
[   19.825229] cloud-init[719]: ci-info: |   0   |   0.0.0.0    | 10.0.2.2 |     0.0.0.0     |   enp0s3  |   UG  |
[   19.825307] cloud-init[719]: ci-info: |   1   |   10.0.2.0   | 0.0.0.0  |  255.255.255.0  |   enp0s3  |   U   |
[   19.825373] cloud-init[719]: ci-info: |   2   |   10.0.2.2   | 0.0.0.0  | 255.255.255.255 |   enp0s3  |   UH  |
[   19.825439] cloud-init[719]: ci-info: |   3   | 192.168.33.0 | 0.0.0.0  |  255.255.255.0  |   enp0s8  |   U   |
[   19.825507] cloud-init[719]: ci-info: +-------+--------------+----------+-----------------+-----------+-------+
[   19.825673] cloud-init[719]: ci-info: +++++++++++++++++++Route IPv6 info+++++++++++++++++++
[   19.825771] cloud-init[719]: ci-info: +-------+-------------+---------+-----------+-------+
[   19.825840] cloud-init[719]: ci-info: | Route | Destination | Gateway | Interface | Flags |
[   19.825893] cloud-init[719]: ci-info: +-------+-------------+---------+-----------+-------+
[   19.825952] cloud-init[719]: ci-info: |   1   |  fe80::/64  |    ::   |   enp0s8  |   U   |
[   19.826013] cloud-init[719]: ci-info: |   2   |  fe80::/64  |    ::   |   enp0s3  |   U   |
[   19.826074] cloud-init[719]: ci-info: |   4   |    local    |    ::   |   enp0s3  |   U   |
[   19.826136] cloud-init[719]: ci-info: |   5   |    local    |    ::   |   enp0s8  |   U   |
[   19.826192] cloud-init[719]: ci-info: |   6   |   ff00::/8  |    ::   |   enp0s8  |   U   |
[   19.826266] cloud-init[719]: ci-info: |   7   |   ff00::/8  |    ::   |   enp0s3  |   U   |
[   19.826376] cloud-init[719]: ci-info: +-------+-------------+---------+-----------+-------+
[0;32m  OK  [0m] Started Daily apt upgrade and clean activities.
         Starting Socket activation for snappy daemon.
[[0;32m  OK  [0m] Started Message of the Day.
[[0;32m  OK  [0m] Started Daily Cleanup of Temporary Directories.
[[0;32m  OK  [0m] Listening on D-Bus System Message Bus Socket.
[[0;32m  OK  [0m] Started ACPI Events Check.
[[0;32m  OK  [0m] Reached target Paths.
[[0;32m  OK  [0m] Listening on Open-iSCSI iscsid Socket.
[[0;32m  OK  [0m] Started Discard unused blocks once a week.
[[0;32m  OK  [0m] Reached target Timers.
[[0;32m  OK  [0m] Reached target Network is Online.
[[0;32m  OK  [0m] Reached target Remote File Systems (Pre).
[[0;32m  OK  [0m] Reached target Remote File Systems.
         Starting Availability of block devices...
[[0;32m  OK  [0m] Listening on LXD - unix socket.
[[0;32m  OK  [0m] Listening on Socket activation for snappy daemon.
[[0;32m  OK  [0m] Started Availability of block devices.
[[0;32m  OK  [0m] Reached target Sockets.
[[0;32m  OK  [0m] Reached target Basic System.
         Starting System Logging Service...
         Starting LSB: Record successful boot for GRUB...
         Starting Dispatcher daemon for systemd-networkd...
[[0;32m  OK  [0m] Started Regular background program processing daemon.
         Starting Login Service...
         Starting LSB: automatic crash report generation...
[[0;32m  OK  [0m] Started FUSE filesystem for LXC.
[[0;32m  OK  [0m] Started Deferred execution scheduler.
[[0;32m  OK  [0m] Started irqbalance daemon.
         Starting Snappy daemon...
[[0;32m  OK  [0m] Started D-Bus System Message Bus.
[[0;32m  OK  [0m] Started Login Service.
[[0;32m  OK  [0m] Started Unattended Upgrades Shutdown.
         Starting Permit User Sessions...
         Starting Accounts Service...
         Starting OpenBSD Secure Shell server...
         Starting vboxadd.service...
         Starting LXD - container startup/shutdown...
[[0;32m  OK  [0m] Started System Logging Service.
[[0;32m  OK  [0m] Started Permit User Sessions.
         Starting Hold until boot process finishes up...
         Starting Terminate Plymouth Boot Screen...
[[0;32m  OK  [0m] Started Hold until boot process finishes up.
         Starting Set console scheme...
[[0;32m  OK  [0m] Started Serial Getty on ttyS0.
[[0;32m  OK  [0m] Started Terminate Plymouth Boot Screen.
[[0;32m  OK  [0m] Started Snappy daemon.
         Starting Wait until snapd is fully seeded...
[[0;32m  OK  [0m] Started Set console scheme.
[[0;32m  OK  [0m] Created slice system-getty.slice.
[[0;32m  OK  [0m] Started Getty on tty1.
[[0;32m  OK  [0m] Reached target Login Prompts.
[[0;32m  OK  [0m] Started LSB: Record successful boot for GRUB.
[[0;32m  OK  [0m] Started LSB: automatic crash report generation.
[[0;32m  OK  [0m] Started Wait until snapd is fully seeded.
         Starting Apply the settings specified in cloud-config...
         Starting Authorization Manager...
[[0;32m  OK  [0m] Started OpenBSD Secure Shell server.
[[0;32m  OK  [0m] Started Dispatcher daemon for systemd-networkd.
[[0;32m  OK  [0m] Started Authorization Manager.
[[0;32m  OK  [0m] Started Accounts Service.
[[0;32m  OK  [0m] Started LXD - container startup/shutdown.
[[0;32m  OK  [0m] Created slice User Slice of vagrant.
         Starting User Manager for UID 1000...
[[0;32m  OK  [0m] Started Session 1 of user vagrant.
[[0;32m  OK  [0m] Started User Manager for UID 1000.
[[0;32m  OK  [0m] Started vboxadd.service.
         Starting vboxadd-service.service...
[[0;32m  OK  [0m] Started vboxadd-service.service.
[[0;32m  OK  [0m] Reached target Multi-User System.
[[0;32m  OK  [0m] Reached target Graphical Interface.
         Starting Update UTMP about System Runlevel Changes...
[[0;32m  OK  [0m] Started Update UTMP about System Runlevel Changes.
[[0;32m  OK  [0m] Started Apply the settings specified in cloud-config.
         Starting Execute cloud user/final scripts...
[   22.606894] cloud-init[1005]: Cloud-init v. 18.5-45-g3554ffe8-0ubuntu1~18.04.1 running 'modules:config' at Sun, 03 Nov 2019 00:56:14 +0000. Up 22.18 seconds.
[   23.211004] cloud-init[1208]: Cloud-init v. 18.5-45-g3554ffe8-0ubuntu1~18.04.1 running 'modules:final' at Sun, 03 Nov 2019 00:56:15 +0000. Up 23.08 seconds.
[[   23.324810] [0;32m  OK  [0m] cloud-init[1208]: Cloud-init v. 18.5-45-g3554ffe8-0ubuntu1~18.04.1 finished at Sun, 03 Nov 2019 00:56:15 +0000. Datasource DataSourceNoCloud [seed=/dev/sdb][dsmode=net].  Up 23.20 seconds
Started Execute cloud user/final scripts.
[[0;32m  OK  [0m] Reached target Cloud-init target.

Ubuntu 18.04.2 LTS ubuntu-bionic ttyS0

ubuntu-bionic login: 